<?xml version="1.0" encoding="UTF-8"?>
<!-- Generated by org.testng.reporters.JUnitXMLReporter -->
<testsuite ignored="0" hostname="Jagan-PC" failures="0" tests="3" name="Default test" time="62.755" errors="0" timestamp="27 May 2020 04:40:38 GMT">
  <testcase classname="com.crm.qa.testcases.LoginPageTest" name="logintitletest" time="0.026"/>
  <testcase classname="com.crm.qa.testcases.LoginPageTest" name="crmlogotest" time="0.142"/>
  <testcase classname="com.crm.qa.testcases.LoginPageTest" name="login" time="23.393"/>
</testsuite> <!-- Default test -->
