<?xml version="1.0" encoding="UTF-8"?>
<testng-results ignored="0" total="3" passed="3" failed="0" skipped="0">
  <reporter-output>
  </reporter-output>
  <suite started-at="2020-05-27T04:39:35Z" name="Default suite" finished-at="2020-05-27T04:40:38Z" duration-ms="62755">
    <groups>
    </groups>
    <test started-at="2020-05-27T04:39:35Z" name="Default test" finished-at="2020-05-27T04:40:38Z" duration-ms="62755">
      <class name="com.crm.qa.testcases.LoginPageTest">
        <test-method is-config="true" signature="setup()[pri:0, instance:com.crm.qa.testcases.LoginPageTest@38e79ae3]" started-at="2020-05-27T04:39:35Z" name="setup" finished-at="2020-05-27T04:39:49Z" duration-ms="14385" status="PASS">
          <reporter-output>
          </reporter-output>
        </test-method> <!-- setup -->
        <test-method signature="logintitletest()[pri:1, instance:com.crm.qa.testcases.LoginPageTest@38e79ae3]" started-at="2020-05-27T04:39:49Z" name="logintitletest" finished-at="2020-05-27T04:39:49Z" duration-ms="26" status="PASS">
          <reporter-output>
          </reporter-output>
        </test-method> <!-- logintitletest -->
        <test-method is-config="true" signature="teardown()[pri:0, instance:com.crm.qa.testcases.LoginPageTest@38e79ae3]" started-at="2020-05-27T04:39:49Z" name="teardown" finished-at="2020-05-27T04:39:50Z" duration-ms="764" status="PASS">
          <reporter-output>
          </reporter-output>
        </test-method> <!-- teardown -->
        <test-method is-config="true" signature="setup()[pri:0, instance:com.crm.qa.testcases.LoginPageTest@38e79ae3]" started-at="2020-05-27T04:39:50Z" name="setup" finished-at="2020-05-27T04:40:02Z" duration-ms="11602" status="PASS">
          <reporter-output>
          </reporter-output>
        </test-method> <!-- setup -->
        <test-method signature="crmlogotest()[pri:2, instance:com.crm.qa.testcases.LoginPageTest@38e79ae3]" started-at="2020-05-27T04:40:02Z" name="crmlogotest" finished-at="2020-05-27T04:40:02Z" duration-ms="142" status="PASS">
          <reporter-output>
          </reporter-output>
        </test-method> <!-- crmlogotest -->
        <test-method is-config="true" signature="teardown()[pri:0, instance:com.crm.qa.testcases.LoginPageTest@38e79ae3]" started-at="2020-05-27T04:40:02Z" name="teardown" finished-at="2020-05-27T04:40:03Z" duration-ms="823" status="PASS">
          <reporter-output>
          </reporter-output>
        </test-method> <!-- teardown -->
        <test-method is-config="true" signature="setup()[pri:0, instance:com.crm.qa.testcases.LoginPageTest@38e79ae3]" started-at="2020-05-27T04:40:03Z" name="setup" finished-at="2020-05-27T04:40:14Z" duration-ms="10838" status="PASS">
          <reporter-output>
          </reporter-output>
        </test-method> <!-- setup -->
        <test-method signature="login()[pri:3, instance:com.crm.qa.testcases.LoginPageTest@38e79ae3]" started-at="2020-05-27T04:40:14Z" name="login" finished-at="2020-05-27T04:40:37Z" duration-ms="23393" status="PASS">
          <reporter-output>
          </reporter-output>
        </test-method> <!-- login -->
        <test-method is-config="true" signature="teardown()[pri:0, instance:com.crm.qa.testcases.LoginPageTest@38e79ae3]" started-at="2020-05-27T04:40:37Z" name="teardown" finished-at="2020-05-27T04:40:38Z" duration-ms="729" status="PASS">
          <reporter-output>
          </reporter-output>
        </test-method> <!-- teardown -->
      </class> <!-- com.crm.qa.testcases.LoginPageTest -->
    </test> <!-- Default test -->
  </suite> <!-- Default suite -->
</testng-results>
